MPASM 02.80 Released               LAB10.ASM   12-19-2003  14:51:30         PAGE  1


LOC  OBJECT CODE     LINE SOURCE TEXT
  VALUE

                      00001 ;Программа №3 по ТС А и У
                      00002 #include<p16f84.inc>
                      00001         LIST
                      00002 ; P16F84.INC  Standard Header File, Version 2.00    Microchip Technology, Inc.
                      00136         LIST
Warning[205]: Found directive in column 1. (list)
                      00003 list p=16f84
                      00004 
  0000000C            00005 PROMRESULT EQU 0Ch
  0000000D            00006 PROMRESULT1 EQU 0Dh
                      00007 
Warning[203]: Found opcode in column 1. (MOVLW)
0000   301F           00008 MOVLW B'11111'
Warning[203]: Found opcode in column 1. (TRIS)
Warning[224]: Use of this instruction is not recommended.
0001   0065           00009 TRIS PORTA
Warning[203]: Found opcode in column 1. (OPTION)
Warning[224]: Use of this instruction is not recommended.
0002   0062           00010 OPTION
Warning[203]: Found opcode in column 1. (MOVLW)
0003   3000           00011 MOVLW 0
Warning[203]: Found opcode in column 1. (TRIS)
Warning[224]: Use of this instruction is not recommended.
0004   0066           00012 TRIS PORTB
Warning[203]: Found opcode in column 1. (OPTION)
Warning[224]: Use of this instruction is not recommended.
0005   0062           00013 OPTION
                      00014 
0006                  00015 BEGIN
                      00016 
Warning[203]: Found opcode in column 1. (CLRF)
0006   018C           00017 CLRF PROMRESULT
Warning[203]: Found opcode in column 1. (CLRF)
0007   018D           00018 CLRF PROMRESULT1
                      00019 ;CLRF PORTA
                      00020 ;CLRF PORTB
Warning[203]: Found opcode in column 1. (MOVLW)
0008   301E           00021 MOVLW B'11110'
Warning[203]: Found opcode in column 1. (SUBWF)
0009   0205           00022 SUBWF PORTA,0
Warning[203]: Found opcode in column 1. (BTFSC)
000A   1903           00023 BTFSC STATUS,Z
Warning[203]: Found opcode in column 1. (CALL)
000B   2011           00024 CALL PODPR1
                      00025 
Warning[203]: Found opcode in column 1. (MOVLW)
000C   301D           00026 MOVLW B'11101'
Warning[203]: Found opcode in column 1. (SUBWF)
000D   0205           00027 SUBWF PORTA,0
Warning[203]: Found opcode in column 1. (BTFSC)
000E   1903           00028 BTFSC STATUS,Z
Warning[203]: Found opcode in column 1. (CALL)
000F   201D           00029 CALL PODPR2
MPASM 02.80 Released               LAB10.ASM   12-19-2003  14:51:30         PAGE  2


LOC  OBJECT CODE     LINE SOURCE TEXT
  VALUE

Warning[203]: Found opcode in column 1. (GOTO)
0010   2806           00030 GOTO BEGIN
                      00031 
0011                  00032 PODPR1
0011                  00033 N
Warning[203]: Found opcode in column 1. (MOVLW)
0011   3000           00034 MOVLW D'0'
Warning[203]: Found opcode in column 1. (MOVWF)
0012   0086           00035 MOVWF PORTB 
Warning[203]: Found opcode in column 1. (MOVLW)
0013   3024           00036 MOVLW D'36'
Warning[203]: Found opcode in column 1. (CALL)
0014   2033           00037 CALL VSPPODPR1
Warning[203]: Found opcode in column 1. (MOVLW)
0015   3018           00038 MOVLW D'24'
Warning[203]: Found opcode in column 1. (CALL)
0016   2033           00039 CALL VSPPODPR1
Warning[203]: Found opcode in column 1. (MOVLW)
0017   3042           00040 MOVLW D'66'
Warning[203]: Found opcode in column 1. (CALL)
0018   2033           00041 CALL VSPPODPR1
Warning[203]: Found opcode in column 1. (MOVLW)
0019   3081           00042 MOVLW D'129'
Warning[203]: Found opcode in column 1. (CALL)
001A   2033           00043 CALL VSPPODPR1
Warning[203]: Found opcode in column 1. (GOTO)
001B   2811           00044 GOTO N
Warning[203]: Found opcode in column 1. (RETURN)
001C   0008           00045 RETURN
                      00046 
001D                  00047 PODPR2
001D                  00048 M
Warning[203]: Found opcode in column 1. (MOVLW)
001D   3000           00049 MOVLW D'0'
Warning[203]: Found opcode in column 1. (MOVWF)
001E   0086           00050 MOVWF PORTB 
Warning[203]: Found opcode in column 1. (MOVLW)
001F   3081           00051 MOVLW D'129'
Warning[203]: Found opcode in column 1. (CALL)
0020   203A           00052 CALL VSPPODPR2
Warning[203]: Found opcode in column 1. (MOVLW)
0021   3042           00053 MOVLW D'66'
Warning[203]: Found opcode in column 1. (CALL)
0022   203A           00054 CALL VSPPODPR2
Warning[203]: Found opcode in column 1. (MOVLW)
0023   3024           00055 MOVLW D'36'
Warning[203]: Found opcode in column 1. (CALL)
0024   203A           00056 CALL VSPPODPR2
Warning[203]: Found opcode in column 1. (MOVLW)
0025   3018           00057 MOVLW D'24'
Warning[203]: Found opcode in column 1. (CALL)
0026   203A           00058 CALL VSPPODPR2
Warning[203]: Found opcode in column 1. (GOTO)
MPASM 02.80 Released               LAB10.ASM   12-19-2003  14:51:30         PAGE  3


LOC  OBJECT CODE     LINE SOURCE TEXT
  VALUE

0027   281D           00059 GOTO M
Warning[203]: Found opcode in column 1. (RETURN)
0028   0008           00060 RETURN
                      00061 
0029                  00062 ZADER
Warning[203]: Found opcode in column 1. (MOVLW)
0029   30FF           00063 MOVLW D'255'
Warning[203]: Found opcode in column 1. (MOVWF)
002A   008C           00064 MOVWF PROMRESULT
Warning[203]: Found opcode in column 1. (MOVWF)
002B   008D           00065 MOVWF PROMRESULT1
002C                  00066 P
002C                  00067 WP
Warning[203]: Found opcode in column 1. (NOP)
002C   0000           00068 NOP
Warning[203]: Found opcode in column 1. (DECFSZ)
002D   0B8C           00069 DECFSZ PROMRESULT,1
Warning[203]: Found opcode in column 1. (GOTO)
002E   282C           00070 GOTO WP
Warning[203]: Found opcode in column 1. (NOP)
002F   0000           00071 NOP
Warning[203]: Found opcode in column 1. (DECFSZ)
0030   0B8D           00072 DECFSZ PROMRESULT1,1
Warning[203]: Found opcode in column 1. (GOTO)
0031   282C           00073 GOTO P
Warning[203]: Found opcode in column 1. (RETURN)
0032   0008           00074 RETURN
                      00075 
0033                  00076 VSPPODPR1
Warning[203]: Found opcode in column 1. (MOVWF)
0033   0086           00077 MOVWF PORTB
Warning[203]: Found opcode in column 1. (CALL)
0034   2029           00078 CALL ZADER
Warning[203]: Found opcode in column 1. (MOVLW)
0035   301E           00079 MOVLW B'11110'
Warning[203]: Found opcode in column 1. (SUBWF)
0036   0205           00080 SUBWF PORTA,0
Warning[203]: Found opcode in column 1. (BTFSC)
0037   1903           00081 BTFSC STATUS,Z
Warning[203]: Found opcode in column 1. (RETURN)
0038   0008           00082 RETURN
                      00083 
Warning[203]: Found opcode in column 1. (GOTO)
0039   2806           00084 GOTO BEGIN
                      00085 
003A                  00086 VSPPODPR2
Warning[203]: Found opcode in column 1. (MOVWF)
003A   0086           00087 MOVWF PORTB
Warning[203]: Found opcode in column 1. (CALL)
003B   2029           00088 CALL ZADER
Warning[203]: Found opcode in column 1. (MOVLW)
003C   301D           00089 MOVLW B'11101'
Warning[203]: Found opcode in column 1. (SUBWF)
MPASM 02.80 Released               LAB10.ASM   12-19-2003  14:51:30         PAGE  4


LOC  OBJECT CODE     LINE SOURCE TEXT
  VALUE

00LAB10   0205           00090 SUBWF PORTA,0
Warning[203]: Found opcode in column 1. (BTFSC)
003E   1903           00091 BTFSC STATUS,Z
Warning[203]: Found opcode in column 1. (RETURN)
003F   0008           00092 RETURN
                      00093 
                      00094 
Warning[203]: Found opcode in column 1. (GOTO)
0040   2806           00095 GOTO BEGIN
                      00096 
Warning[205]: Found directive in column 1. (END)
                      00097 END
MPASM 02.80 Released               LAB10.ASM   12-19-2003  14:51:30         PAGE  5


SYMBOL TABLE
  LABEL                             VALUE 

BEGIN                             00000006
C                                 00000000
DC                                00000001
EEADR                             00000009
EECON1                            00000088
EECON2                            00000089
EEDATA                            00000008
EEIE                              00000006
EEIF                              00000004
F                                 00000001
FSR                               00000004
GIE                               00000007
INDF                              00000000
INTCON                            0000000B
INTE                              00000004
INTEDG                            00000006
INTF                              00000001
IRP                               00000007
M                                 0000001D
N                                 00000011
NOT_PD                            00000003
NOT_RBPU                          00000007
NOT_TO                            00000004
OPTION_REG                        00000081
P                                 0000002C
PCL                               00000002
PCLATH                            0000000A
PODPR1                            00000011
PODPR2                            0000001D
PORTA                             00000005
PORTB                             00000006
PROMRESULT                        0000000C
PROMRESULT1                       0000000D
PS0                               00000000
PS1                               00000001
PS2                               00000002
PSA                               00000003
RBIE                              00000003
RBIF                              00000000
RD                                00000000
RP0                               00000005
RP1                               00000006
STATUS                            00000003
T0CS                              00000005
T0IE                              00000005
T0IF                              00000002
T0SE                              00000004
TMR0                              00000001
TRISA                             00000085
TRISB                             00000086
VSPPODPR1                         00000033
VSPPODPR2                         0000003A
W                                 00000000
MPASM 02.80 Released               LAB10.ASM   12-19-2003  14:51:30         PAGE  6


SYMBOL TABLE
  LABEL                             VALUE 

WP                                0000002C
WR                                00000001
WREN                              00000002
WRERR                             00000003
Z                                 00000002
ZADER                             00000029
_CP_OFF                           00003FFF
_CP_ON                            0000000F
_HS_OSC                           00003FFE
_LP_OSC                           00003FFC
_PWRTE_OFF                        00003FFF
_PWRTE_ON                         00003FF7
_RC_OSC                           00003FFF
_WDT_OFF                          00003FFB
_WDT_ON                           00003FFF
_XT_OSC                           00003FFD
__16F84                           00000001


MEMORY USAGE MAP ('X' = Used,  '-' = Unused)

0000 : XXXXXXXXXXXXXXXX XXXXXXXXXXXXXXXX XXXXXXXXXXXXXXXX XXXXXXXXXXXXXXXX
0040 : X--------------- ---------------- ---------------- ----------------

All other memory blocks unused.

Program Memory Words Used:    65
Program Memory Words Free:   959


Errors   :     0
Warnings :    71 reported,     0 suppressed
Messages :     0 reported,     0 suppressed

