MPASM 02.80 Released            LAB11.ASM   3-29-2009  11:28:42         PAGE  1


LOC  OBJECT CODE     LINE SOURCE TEXT
  VALUE

                      00001 #include<p16f84.inc>
                      00001         LIST
                      00002 ; P16F84.INC  Standard Header File, Version 2.00    Microchip Technology, Inc.
                      00136         LIST
0000                  00002  ORG 0
0000   2900           00003  GOTO BEGIN
0100                  00004  ORG 100h
0100                  00005 BEGIN
                      00006 
  0000000C            00007 D1 EQU 0Ch
  0000000D            00008 D2 EQU 0Dh
  0000000E            00009 D3 EQU 0Eh
                      00010 
0100   1283           00011  BCF STATUS,RP0
0101   0186           00012  CLRF PORTB
0102   3000           00013  MOVLW B'00000000'
0103   1683           00014  BSF STATUS,RP0
Message[302]: Register in operand not in bank 0.  Ensure that bank bits are correct.
0104   0086           00015  MOVWF TRISB
0105   1283           00016  BCF STATUS,RP0
                      00017 
0106                  00018 MAINLOOP
Warning[203]: Found opcode in column 1. (CALL)
0106   2123           00019 CALL RED
Warning[203]: Found opcode in column 1. (CALL)
0107   2132           00020 CALL AA
Warning[203]: Found opcode in column 1. (CALL)
0108   2129           00021 CALL RY
Warning[203]: Found opcode in column 1. (CALL)
0109   2136           00022 CALL BB
Warning[203]: Found opcode in column 1. (CALL)
010A   212F           00023 CALL GREEN
Warning[203]: Found opcode in column 1. (CALL)
010B   2132           00024 CALL AA
Warning[203]: Found opcode in column 1. (CALL)
010C   212C           00025 CALL BLACK
Warning[203]: Found opcode in column 1. (CALL)
010D   213A           00026 CALL CC
Warning[203]: Found opcode in column 1. (CALL)
010E   212F           00027 CALL GREEN
Warning[203]: Found opcode in column 1. (CALL)
010F   213A           00028 CALL CC
Warning[203]: Found opcode in column 1. (CALL)
0110   212C           00029 CALL BLACK
Warning[203]: Found opcode in column 1. (CALL)
0111   213A           00030 CALL CC
Warning[203]: Found opcode in column 1. (CALL)
0112   212F           00031 CALL GREEN
Warning[203]: Found opcode in column 1. (CALL)
0113   213A           00032 CALL CC
Warning[203]: Found opcode in column 1. (CALL)
0114   212C           00033 CALL BLACK
Warning[203]: Found opcode in column 1. (CALL)
MPASM 02.80 Released            LAB11.ASM   3-29-2009  11:28:42         PAGE  2


LOC  OBJECT CODE     LINE SOURCE TEXT
  VALUE

0115   213A           00034 CALL CC
Warning[203]: Found opcode in column 1. (CALL)
0116   212F           00035 CALL GREEN
Warning[203]: Found opcode in column 1. (CALL)
0117   213A           00036 CALL CC
Warning[203]: Found opcode in column 1. (CALL)
0118   212C           00037 CALL BLACK
Warning[203]: Found opcode in column 1. (CALL)
0119   213A           00038 CALL CC
Warning[203]: Found opcode in column 1. (CALL)
011A   212F           00039 CALL GREEN
Warning[203]: Found opcode in column 1. (CALL)
011B   213A           00040 CALL CC
Warning[203]: Found opcode in column 1. (CALL)
011C   212C           00041 CALL BLACK
Warning[203]: Found opcode in column 1. (CALL)
011D   213A           00042 CALL CC
Warning[203]: Found opcode in column 1. (CALL)
011E   212F           00043 CALL GREEN
Warning[203]: Found opcode in column 1. (CALL)
011F   213A           00044 CALL CC
Warning[203]: Found opcode in column 1. (CALL)
0120   2126           00045 CALL YELLO
Warning[203]: Found opcode in column 1. (CALL)
0121   2136           00046 CALL BB
Warning[203]: Found opcode in column 1. (GOTO)
0122   2906           00047 GOTO MAINLOOP
                      00048 
0123                  00049 RED
Warning[203]: Found opcode in column 1. (MOVLW)
0123   3003           00050 MOVLW B'00000011'
Warning[203]: Found opcode in column 1. (MOVWF)
0124   0086           00051 MOVWF PORTB
Warning[203]: Found opcode in column 1. (RETURN)
0125   0008           00052 RETURN
                      00053 
0126                  00054 YELLO
Warning[203]: Found opcode in column 1. (MOVLW)
0126   3018           00055 MOVLW B'00011000'
Warning[203]: Found opcode in column 1. (MOVWF)
0127   0086           00056 MOVWF PORTB
Warning[203]: Found opcode in column 1. (RETURN)
0128   0008           00057 RETURN
                      00058 
0129                  00059 RY
Warning[203]: Found opcode in column 1. (MOVLW)
0129   301B           00060 MOVLW B'00011011'
Warning[203]: Found opcode in column 1. (MOVWF)
012A   0086           00061 MOVWF PORTB
Warning[203]: Found opcode in column 1. (RETURN)
012B   0008           00062 RETURN
                      00063 
012C                  00064 BLACK
MPASM 02.80 Released            LAB11.ASM   3-29-2009  11:28:42         PAGE  3


LOC  OBJECT CODE     LINE SOURCE TEXT
  VALUE

Warning[203]: Found opcode in column 1. (CLRW)
012C   0103           00065 CLRW
Warning[203]: Found opcode in column 1. (MOVWF)
012D   0086           00066 MOVWF PORTB
Warning[203]: Found opcode in column 1. (RETURN)
012E   0008           00067 RETURN
                      00068 
012F                  00069 GREEN
Warning[203]: Found opcode in column 1. (MOVLW)
012F   30C0           00070 MOVLW B'11000000'
Warning[203]: Found opcode in column 1. (MOVWF)
0130   0086           00071 MOVWF PORTB
Warning[203]: Found opcode in column 1. (RETURN)
0131   0008           00072 RETURN
                      00073 
0132                  00074 AA
Warning[203]: Found opcode in column 1. (MOVLW)
0132   30CC           00075 MOVLW D'204'
Warning[203]: Found opcode in column 1. (MOVWF)
0133   008E           00076 MOVWF D3
Warning[203]: Found opcode in column 1. (CALL)
0134   213E           00077 CALL PULS
Warning[203]: Found opcode in column 1. (RETURN)
0135   0008           00078 RETURN
                      00079 
0136                  00080 BB
Warning[203]: Found opcode in column 1. (MOVLW)
0136   3052           00081 MOVLW D'82'
Warning[203]: Found opcode in column 1. (MOVWF)
0137   008E           00082 MOVWF D3
Warning[203]: Found opcode in column 1. (CALL)
0138   213E           00083 CALL PULS
Warning[203]: Found opcode in column 1. (RETURN)
0139   0008           00084 RETURN
                      00085 
013A                  00086 CC
Warning[203]: Found opcode in column 1. (MOVLW)
013A   3014           00087 MOVLW D'20'
Warning[203]: Found opcode in column 1. (MOVWF)
013B   008E           00088 MOVWF D3
Warning[203]: Found opcode in column 1. (CALL)
013C   213E           00089 CALL PULS
Warning[203]: Found opcode in column 1. (RETURN)
013D   0008           00090 RETURN
                      00091 
013E                  00092 PULS
013E                  00093 C1
Warning[203]: Found opcode in column 1. (CALL)
013E   2142           00094 CALL ZZZ
Warning[203]: Found opcode in column 1. (DECFSZ)
013F   0B8E           00095 DECFSZ D3,1
Warning[203]: Found opcode in column 1. (GOTO)
0140   293E           00096 GOTO C1
MPASM 02.80 Released            LAB11.ASM   3-29-2009  11:28:42         PAGE  4


LOC  OBJECT CODE     LINE SOURCE TEXT
  VALUE

Warning[203]: Found opcode in column 1. (RETURN)
0141   0008           00097 RETURN
                      00098 
0142                  00099 ZZZ ; ~0,04896125 sec
0142   30FF           00100  MOVLW D'255'
0143   008C           00101  MOVWF D1
0144   008D           00102  MOVWF D2
Warning[207]: Found label after column 1. (LOOP1)
0145                  00103  LOOP1
0145   0B8C           00104  DECFSZ D1,1
0146   2945           00105  GOTO LOOP1
0147   0B8D           00106  DECFSZ D2,1
0148   2945           00107  GOTO LOOP1
Warning[203]: Found opcode in column 1. (RETURN)
0149   0008           00108 RETURN
                      00109 
Warning[205]: Found directive in column 1. (END)
                      00110 END
MPASM 02.80 Released            LAB11.ASM   3-29-2009  11:28:42         PAGE  5


SYMBOL TABLE
  LABEL                             VALUE 

AA                                00000132
BB                                00000136
BEGIN                             00000100
BLACK                             0000012C
C                                 00000000
C1                                0000013E
CC                                0000013A
D1                                0000000C
D2                                0000000D
D3                                0000000E
DC                                00000001
EEADR                             00000009
EECON1                            00000088
EECON2                            00000089
EEDATA                            00000008
EEIE                              00000006
EEIF                              00000004
F                                 00000001
FSR                               00000004
GIE                               00000007
GREEN                             0000012F
INDF                              00000000
INTCON                            0000000B
INTE                              00000004
INTEDG                            00000006
INTF                              00000001
IRP                               00000007
LOOP1                             00000145
MAINLOOP                          00000106
NOT_PD                            00000003
NOT_RBPU                          00000007
NOT_TO                            00000004
OPTION_REG                        00000081
PCL                               00000002
PCLATH                            0000000A
PORTA                             00000005
PORTB                             00000006
PS0                               00000000
PS1                               00000001
PS2                               00000002
PSA                               00000003
PULS                              0000013E
RBIE                              00000003
RBIF                              00000000
RD                                00000000
RED                               00000123
RP0                               00000005
RP1                               00000006
RY                                00000129
STATUS                            00000003
T0CS                              00000005
T0IE                              00000005
T0IF                              00000002
MPASM 02.80 Released            LAB11.ASM   3-29-2009  11:28:42         PAGE  6


SYMBOL TABLE
  LABEL                             VALUE 

T0SE                              00000004
TMR0                              00000001
TRISA                             00000085
TRISB                             00000086
W                                 00000000
WR                                00000001
WREN                              00000002
WRERR                             00000003
YELLO                             00000126
Z                                 00000002
ZZZ                               00000142
_CP_OFF                           00003FFF
_CP_ON                            0000000F
_HS_OSC                           00003FFE
_LP_OSC                           00003FFC
_PWRTE_OFF                        00003FFF
_PWRTE_ON                         00003FF7
_RC_OSC                           00003FFF
_WDT_OFF                          00003FFB
_WDT_ON                           00003FFF
_XT_OSC                           00003FFD
__16F84                           00000001


MEMORY USAGE MAP ('X' = Used,  '-' = Unused)

0000 : X--------------- ---------------- ---------------- ----------------
0100 : XXXXXXXXXXXXXXXX XXXXXXXXXXXXXXXX XXXXXXXXXXXXXXXX XXXXXXXXXXXXXXXX
0140 : XXXXXXXXXX------ ---------------- ---------------- ----------------

All other memory blocks unused.

Program Memory Words Used:    75
Program Memory Words Free:   949


Errors   :     0
Warnings :    63 reported,     0 suppressed
Messages :     1 reported,     0 suppressed

