MPASM 02.80 Released                LAB5.ASM   11-26-2003  18:12:31         PAGE  1


LOC  OBJECT CODE     LINE SOURCE TEXT
  VALUE

                      00001 #include<p16f84.inc>
                      00001         LIST
                      00002 ; P16F84.INC  Standard Header File, Version 2.00    Microchip Technology, Inc.
                      00136         LIST
                      00002 
  00000000            00003 INITB   EQU B'00000000'
  0000000C            00004 VARA    EQU 0Ch
  0000000D            00005 VARB    EQU 0Dh
                      00006 
Warning[205]: Found directive in column 1. (ORG)
0000                  00007 ORG 0
Warning[203]: Found opcode in column 1. (GOTO)
0000   2900           00008 GOTO BEGIN
Warning[205]: Found directive in column 1. (ORG)
0100                  00009 ORG 100h
                      00010 
0100                  00011 BEGIN
0100   1283           00012         BCF     STATUS, RP0
0101   0186           00013         CLRF    PORTB
0102   3000           00014         MOVLW   INITB
0103   1683           00015         BSF     STATUS, RP0
Message[302]: Register in operand not in bank 0.  Ensure that bank bits are correct.
0104   0086           00016         MOVWF   TRISB
                      00017 
0105   1283           00018         BCF     STATUS, RP0
                      00019 
0106   3032           00020         MOVLW   D'50'
0107   008C           00021         MOVWF   VARA
0108   3019           00022         MOVLW   D'25'
0109   008D           00023         MOVWF   VARB
                      00024 
010A   080D           00025         MOVF    VARB, 0
010B   018D           00026         CLRF    VARB
010C                  00027 LOOP
010C   028C           00028         SUBWF   VARA, 1
010D   0A8D           00029         INCF    VARB, 1
010E   0A8C           00030         INCF    VARA, 1
010F   0B8C           00031         DECFSZ  VARA, 1
0110   290C           00032         GOTO    LOOP
                      00033 
0111   080D           00034         MOVF    VARB, 0
0112   0086           00035         MOVWF   PORTB
Warning[205]: Found directive in column 1. (END)
                      00036 END
MPASM 02.80 Released                LAB5.ASM   11-26-2003  18:12:31         PAGE  2


SYMBOL TABLE
  LABEL                             VALUE 

BEGIN                             00000100
C                                 00000000
DC                                00000001
EEADR                             00000009
EECON1                            00000088
EECON2                            00000089
EEDATA                            00000008
EEIE                              00000006
EEIF                              00000004
F                                 00000001
FSR                               00000004
GIE                               00000007
INDF                              00000000
INITB                             00000000
INTCON                            0000000B
INTE                              00000004
INTEDG                            00000006
INTF                              00000001
IRP                               00000007
LOOP                              0000010C
NOT_PD                            00000003
NOT_RBPU                          00000007
NOT_TO                            00000004
OPTION_REG                        00000081
PCL                               00000002
PCLATH                            0000000A
PORTA                             00000005
PORTB                             00000006
PS0                               00000000
PS1                               00000001
PS2                               00000002
PSA                               00000003
RBIE                              00000003
RBIF                              00000000
RD                                00000000
RP0                               00000005
RP1                               00000006
STATUS                            00000003
T0CS                              00000005
T0IE                              00000005
T0IF                              00000002
T0SE                              00000004
TMR0                              00000001
TRISA                             00000085
TRISB                             00000086
VARA                              0000000C
VARB                              0000000D
W                                 00000000
WR                                00000001
WREN                              00000002
WRERR                             00000003
Z                                 00000002
_CP_OFF                           00003FFF
MPASM 02.80 Released                LAB5.ASM   11-26-2003  18:12:31         PAGE  3


SYMBOL TABLE
  LABEL                             VALUE 

_CP_ON                            0000000F
_HS_OSC                           00003FFE
_LP_OSC                           00003FFC
_PWRTE_OFF                        00003FFF
_PWRTE_ON                         00003FF7
_RC_OSC                           00003FFF
_WDT_OFF                          00003FFB
_WDT_ON                           00003FFF
_XT_OSC                           00003FFD
__16F84                           00000001


MEMORY USAGE MAP ('X' = Used,  '-' = Unused)

0000 : X--------------- ---------------- ---------------- ----------------
0100 : XXXXXXXXXXXXXXXX XXX------------- ---------------- ----------------

All other memory blocks unused.

Program Memory Words Used:    20
Program Memory Words Free:  1004


Errors   :     0
Warnings :     4 reported,     0 suppressed
Messages :     1 reported,     0 suppressed

