MPASM 02.80 Released             LAB7.ASM   10-6-2010  18:15:05         PAGE  1


LOC  OBJECT CODE     LINE SOURCE TEXT
  VALUE

                      00001 #include<p16f84.inc>
                      00001         LIST
                      00002 ; P16F84.INC  Standard Header File, Version 2.00    Microchip Technology, Inc.
                      00136         LIST
0000                  00002  ORG 0
0000   2900           00003  GOTO BEGIN
0100                  00004  ORG 100h
0100                  00005 BEGIN
                      00006 
  0000000C            00007 SCRATCH EQU 0Ch
  0000000D            00008 DIGIT EQU 0Dh 
  0000000E            00009 REG EQU 0Eh
                      00010 
0100   1283           00011  BCF STATUS,RP0
0101   0186           00012  CLRF PORTB
0102   3000           00013  MOVLW B'00000000'
0103   1683           00014  BSF STATUS,RP0
Message[302]: Register in operand not in bank 0.  Ensure that bank bits are correct.
0104   0086           00015  MOVWF TRISB
0105   1283           00016  BCF STATUS,RP0
                      00017 
0106   3003           00018  MOVLW B'00000011'
                      00019  
0107                  00020 ONE
0107   210C           00021  CALL PAUSE
0108   0086           00022  MOVWF PORTB
0109   0786           00023  ADDWF PORTB,1
010A   0806           00024  MOVF PORTB,0
010B   2907           00025  GOTO ONE
                      00026  
                      00027 
010C                  00028 PAUSE ; Частота мигания 1Гц
010C   30FF           00029  MOVLW D'255'
010D   008D           00030  MOVWF DIGIT
010E                  00031 THREE
010E   30FF           00032  MOVLW D'255'
010F   008C           00033  MOVWF SCRATCH
0110                  00034 FOUR
0110   0B8C           00035  DECFSZ SCRATCH,1
0111   2910           00036  GOTO FOUR
0112   0B8D           00037  DECFSZ DIGIT,1
0113   290E           00038  GOTO THREE
0114   0008           00039  RETURN
                      00040 
                      00041  END
MPASM 02.80 Released             LAB7.ASM   10-6-2010  18:15:05         PAGE  2


SYMBOL TABLE
  LABEL                             VALUE 

BEGIN                             00000100
C                                 00000000
DC                                00000001
DIGIT                             0000000D
EEADR                             00000009
EECON1                            00000088
EECON2                            00000089
EEDATA                            00000008
EEIE                              00000006
EEIF                              00000004
F                                 00000001
FOUR                              00000110
FSR                               00000004
GIE                               00000007
INDF                              00000000
INTCON                            0000000B
INTE                              00000004
INTEDG                            00000006
INTF                              00000001
IRP                               00000007
NOT_PD                            00000003
NOT_RBPU                          00000007
NOT_TO                            00000004
ONE                               00000107
OPTION_REG                        00000081
PAUSE                             0000010C
PCL                               00000002
PCLATH                            0000000A
PORTA                             00000005
PORTB                             00000006
PS0                               00000000
PS1                               00000001
PS2                               00000002
PSA                               00000003
RBIE                              00000003
RBIF                              00000000
RD                                00000000
REG                               0000000E
RP0                               00000005
RP1                               00000006
SCRATCH                           0000000C
STATUS                            00000003
T0CS                              00000005
T0IE                              00000005
T0IF                              00000002
T0SE                              00000004
THREE                             0000010E
TMR0                              00000001
TRISA                             00000085
TRISB                             00000086
W                                 00000000
WR                                00000001
WREN                              00000002
MPASM 02.80 Released             LAB7.ASM   10-6-2010  18:15:05         PAGE  3


SYMBOL TABLE
  LABEL                             VALUE 

WRERR                             00000003
Z                                 00000002
_CP_OFF                           00003FFF
_CP_ON                            0000000F
_HS_OSC                           00003FFE
_LP_OSC                           00003FFC
_PWRTE_OFF                        00003FFF
_PWRTE_ON                         00003FF7
_RC_OSC                           00003FFF
_WDT_OFF                          00003FFB
_WDT_ON                           00003FFF
_XT_OSC                           00003FFD
__16F84                           00000001


MEMORY USAGE MAP ('X' = Used,  '-' = Unused)

0000 : X--------------- ---------------- ---------------- ----------------
0100 : XXXXXXXXXXXXXXXX XXXXX----------- ---------------- ----------------

All other memory blocks unused.

Program Memory Words Used:    22
Program Memory Words Free:  1002


Errors   :     0
Warnings :     0 reported,     0 suppressed
Messages :     1 reported,     0 suppressed

