MPASM 02.80 Released             LAB9.ASM   3-23-2009  19:38:12         PAGE  1


LOC  OBJECT CODE     LINE SOURCE TEXT
  VALUE

                      00001 #include<p16f84.inc>
                      00001         LIST
                      00002 ; P16F84.INC  Standard Header File, Version 2.00    Microchip Technology, Inc.
                      00136         LIST
0000                  00002  ORG 0
0000   2900           00003  GOTO BEGIN
0100                  00004  ORG 100h
0100                  00005 BEGIN
                      00006 
Warning[207]: Found label after column 1. (D1)
  0000000C            00007  D1 EQU 0Ch
Warning[207]: Found label after column 1. (D2)
  0000000D            00008  D2 EQU 0Dh
Warning[207]: Found label after column 1. (REG)
  0000000E            00009  REG EQU 0Eh
                      00010 
0100   1283           00011  BCF STATUS,RP0
0101   0186           00012  CLRF PORTB
0102   3000           00013  MOVLW B'00000000'
0103   1683           00014  BSF STATUS,RP0
Message[302]: Register in operand not in bank 0.  Ensure that bank bits are correct.
0104   0086           00015  MOVWF TRISB
                      00016 
0105   1283           00017  BCF STATUS,RP0
0106   0185           00018  CLRF PORTA
0107   301F           00019  MOVLW B'11111'
0108   1683           00020  BSF STATUS,RP0
Message[302]: Register in operand not in bank 0.  Ensure that bank bits are correct.
0109   0085           00021  MOVWF TRISA
010A   1283           00022  BCF STATUS,RP0
                      00023 
010B                  00024 LOOP
010B   0805           00025  MOVF PORTA,0
010C   008C           00026  MOVWF D1
010D   3010           00027  MOVLW B'10000'
010E   068C           00028  XORWF D1,1      ;проверка кода
010F   1903           00029  BTFSC STATUS,Z
0110   291C           00030  GOTO T          ;код верен
0111   291F           00031  GOTO FALSE      ;код не верен
Warning[203]: Found opcode in column 1. (GOTO)
0112   290B           00032 GOTO LOOP
                      00033  
Warning[207]: Found label after column 1. (ZZZ)
0113                  00034  ZZZ
0113   30FF           00035  MOVLW D'255'
0114   008D           00036  MOVWF D2
Warning[207]: Found label after column 1. (LOOP1)
0115                  00037  LOOP1
0115   30FF           00038  MOVLW D'255'
0116   008C           00039  MOVWF D1
Warning[207]: Found label after column 1. (LOOP2)
0117                  00040  LOOP2
0117   0B8C           00041  DECFSZ D1,1
MPASM 02.80 Released             LAB9.ASM   3-23-2009  19:38:12         PAGE  2


LOC  OBJECT CODE     LINE SOURCE TEXT
  VALUE

0118   2917           00042  GOTO LOOP2
0119   0B8D           00043  DECFSZ D2,1
011A   2915           00044  GOTO LOOP1
011B   0008           00045  RETURN
                      00046 
Warning[207]: Found label after column 1. (T)
011C                  00047  T
011C   30FF           00048  MOVLW B'11111111'
011D   0086           00049  MOVWF PORTB
011E   290B           00050  GOTO LOOP
                      00051 
Warning[207]: Found label after column 1. (FALSE)
011F                  00052  FALSE          ;бегущий огонёк
011F   3001           00053  MOVLW 01h
0120   0086           00054  MOVWF PORTB
Warning[207]: Found label after column 1. (M1)
0121                  00055  M1
0121   3008           00056  MOVLW 08h
0122   008E           00057  MOVWF REG
Warning[207]: Found label after column 1. (LOOP3)
0123                  00058  LOOP3
                      00059 
0123   0805           00060  MOVF PORTA,0
0124   008C           00061  MOVWF D1
0125   3010           00062  MOVLW B'10000'
0126   068C           00063  XORWF D1,1      ;проверка кода
0127   1903           00064  BTFSC STATUS,Z
0128   290B           00065  GOTO LOOP
                      00066 
0129   2113           00067  CALL ZZZ
012A   1403           00068  BSF STATUS,0
012B   0B8E           00069  DECFSZ REG,1
012C   1003           00070  BCF STATUS,0
Message[305]: Using default destination of 1 (file).
012D   0D86           00071  RLF PORTB
012E   3001           00072  MOVLW 01h
012F   0606           00073  XORWF PORTB,0
0130   1903           00074  BTFSC STATUS,Z
0131   2921           00075  GOTO M1
0132   2923           00076  GOTO LOOP3
                      00077 
Warning[205]: Found directive in column 1. (END)
                      00078 END
MPASM 02.80 Released             LAB9.ASM   3-23-2009  19:38:12         PAGE  3


SYMBOL TABLE
  LABEL                             VALUE 

BEGIN                             00000100
C                                 00000000
D1                                0000000C
D2                                0000000D
DC                                00000001
EEADR                             00000009
EECON1                            00000088
EECON2                            00000089
EEDATA                            00000008
EEIE                              00000006
EEIF                              00000004
F                                 00000001
FALSE                             0000011F
FSR                               00000004
GIE                               00000007
INDF                              00000000
INTCON                            0000000B
INTE                              00000004
INTEDG                            00000006
INTF                              00000001
IRP                               00000007
LOOP                              0000010B
LOOP1                             00000115
LOOP2                             00000117
LOOP3                             00000123
M1                                00000121
NOT_PD                            00000003
NOT_RBPU                          00000007
NOT_TO                            00000004
OPTION_REG                        00000081
PCL                               00000002
PCLATH                            0000000A
PORTA                             00000005
PORTB                             00000006
PS0                               00000000
PS1                               00000001
PS2                               00000002
PSA                               00000003
RBIE                              00000003
RBIF                              00000000
RD                                00000000
REG                               0000000E
RP0                               00000005
RP1                               00000006
STATUS                            00000003
T                                 0000011C
T0CS                              00000005
T0IE                              00000005
T0IF                              00000002
T0SE                              00000004
TMR0                              00000001
TRISA                             00000085
TRISB                             00000086
MPASM 02.80 Released             LAB9.ASM   3-23-2009  19:38:12         PAGE  4


SYMBOL TABLE
  LABEL                             VALUE 

W                                 00000000
WR                                00000001
WREN                              00000002
WRERR                             00000003
Z                                 00000002
ZZZ                               00000113
_CP_OFF                           00003FFF
_CP_ON                            0000000F
_HS_OSC                           00003FFE
_LP_OSC                           00003FFC
_PWRTE_OFF                        00003FFF
_PWRTE_ON                         00003FF7
_RC_OSC                           00003FFF
_WDT_OFF                          00003FFB
_WDT_ON                           00003FFF
_XT_OSC                           00003FFD
__16F84                           00000001


MEMORY USAGE MAP ('X' = Used,  '-' = Unused)

0000 : X--------------- ---------------- ---------------- ----------------
0100 : XXXXXXXXXXXXXXXX XXXXXXXXXXXXXXXX XXXXXXXXXXXXXXXX XXX-------------

All other memory blocks unused.

Program Memory Words Used:    52
Program Memory Words Free:   972


Errors   :     0
Warnings :    12 reported,     0 suppressed
Messages :     3 reported,     0 suppressed

